<?xml version="1.0" encoding="UTF-8"?>
<!-- Generated by org.testng.reporters.JUnitReportReporter -->
<testsuite hostname="DESKTOP-5I3A6EV" failures="0" tests="1" name="TestCase.InfoTest" time="4.651" errors="0" timestamp="2023-02-07T13:56:19 EET" skipped="0">
  <testcase classname="TestCase.InfoTest" name="GetCourses" time="4.651"/>
  <system-out/>
</testsuite> <!-- TestCase.InfoTest -->
