<?xml version="1.0" encoding="UTF-8"?>
<!-- Generated by org.testng.reporters.JUnitReportReporter -->
<testsuite hostname="DESKTOP-5I3A6EV" failures="0" tests="1" name="TestCase.RestTestITI" time="4.210" errors="0" timestamp="2023-02-07T17:16:26 EET" skipped="0">
  <testcase classname="TestCase.RestTestITI" name="GetAllUsersAfterdeleteuser" time="4.210"/>
  <system-out/>
</testsuite> <!-- TestCase.RestTestITI -->
